[0m[[0m[0mdebug[0m] [0m[0m> Exec(test, Some(3090bc2d-3f62-4079-8d04-fe088dbe8fd3), Some(CommandSource(console0)))[0m
[0m[[0m[0mdebug[0m] [0m[0mEvaluating tasks: Test / test[0m
[0m[[0m[0mdebug[0m] [0m[0mRunning task... Cancel: Signal, check cycles: false, forcegc: true[0m
[0m[[0m[0minfo[0m] [0m[0mcompiling 1 Scala source to /home/mike/dev/Scala/Parser/target/scala-3.4.1/classes ...[0m
[0m[[0m[0minfo[0m] [0m[0m[32mParsers_Suite:[0m[0m
[0m[[0m[0minfo[0m] [0m[0m[32m- String_Parser[0m[0m
[0m[[0m[0minfo[0m] [0m[0m[32m- Char Predicate Parser[0m[0m
[0m[[0m[0minfo[0m] [0m[0m[32m- String Predicate Parser[0m[0m
[0m[[0m[0minfo[0m] [0m[0m[32mCombinators_Suite:[0m[0m
[0m[[0m[0minfo[0m] [0m[0m[32m- AND combinator[0m[0m
[0m[[0m[0minfo[0m] [0m[0m[32m- OR combinator[0m[0m
[0m[[0m[0minfo[0m] [0m[0m[32m- zeroOrMore combinator[0m[0m
[0m[[0m[0minfo[0m] [0m[0m[32m- onceOrMore combinator[0m[0m
[0m[[0m[0minfo[0m] [0m[0m[32mMarkdown_Suite:[0m[0m
[0m[[0m[0minfo[0m] [0m[0m[32m- Paragraph[0m[0m
[0m[[0m[0minfo[0m] [0m[0m[32m- Emphasis[0m[0m
[0m[[0m[0minfo[0m] [0m[0m[32m- Link[0m[0m
[0m[[0m[0minfo[0m] [0m[0m[32m- Image[0m[0m
[0m[[0m[0minfo[0m] [0m[0m[32m- BlockQuote[0m[0m
[0m[[0m[0minfo[0m] [0m[0m[32m- List[0m[0m
[0m[[0m[0minfo[0m] [0m[0m[32m- HorizontalRule[0m[0m
[0m[[0m[0minfo[0m] [0m[0m[32m- InlineCode[0m[0m
[0m[[0m[0minfo[0m] [0m[0m[32m- CodeBlock[0m[0m
[0m[[0m[0minfo[0m] [0m[0m[36mRun completed in 111 milliseconds.[0m[0m
[0m[[0m[0minfo[0m] [0m[0m[36mTotal number of tests run: 16[0m[0m
[0m[[0m[0minfo[0m] [0m[0m[36mSuites: completed 3, aborted 0[0m[0m
[0m[[0m[0minfo[0m] [0m[0m[36mTests: succeeded 16, failed 0, canceled 0, ignored 0, pending 0[0m[0m
[0m[[0m[0minfo[0m] [0m[0m[32mAll tests passed.[0m[0m
[0m[[0m[32msuccess[0m] [0m[0mTotal time: 1 s, completed Apr. 8, 2024, 12:03:45 a.m.[0m
[0m[[0m[0mdebug[0m] [0m[0m> Exec(shell, None, None)[0m
[0m[[0m[0mdebug[0m] [0m[0mForcing garbage collection...[0m
[0m[[0m[0minfo[0m] [0m[0mshutting down sbt server[0m
