[0m[[0m[0mdebug[0m] [0m[0m> Exec(__runWatch console0, Some(0d24d26f-a8ee-4c7a-9b7b-da3dad6a0baa), Some(CommandSource(console0)))[0m
[0m[[0m[0mdebug[0m] [0m[0m> Exec(sbtStashOnFailure, None, Some(CommandSource(console0)))[0m
[0m[[0m[0mdebug[0m] [0m[0m> Exec(__preWatch console0, None, Some(CommandSource(console0)))[0m
[0m[[0m[0mdebug[0m] [0m[0m> Exec(run, None, Some(CommandSource(console0)))[0m
[0m[[0m[0mdebug[0m] [0m[0mEvaluating tasks: Compile / run[0m
[0m[[0m[0mdebug[0m] [0m[0mRunning task... Cancel: Signal, check cycles: false, forcegc: true[0m
[0m[[0m[0minfo[0m] [0m[0mcompiling 1 Scala source to /home/mike/dev/Scala/cloned/target/scala-3.4.1/classes ...[0m
[0m[[0m[31merror[0m] [0m[0m[31m[31m-- [E006] Not Found Error: /home/mike/dev/Scala/cloned/src/main/scala/Parser/Parser.scala:91:89 [0m[0m[0m
[0m[[0m[31merror[0m] [0m[0m[31m91 |[0m                [33mcase[0m Right(pr) =>  [33mif[0m(f(pr.value)) [33mthen[0m Right(pr) [33melse[0m Right(ParseResult(Nothing, [31m0[0m)) [34m// << wrong !!![0m[0m
[0m[[0m[31merror[0m] [0m[0m[31m[31m   |[0m                                                                                         ^^^^^^^[0m[0m
[0m[[0m[31merror[0m] [0m[0m[31m   |[0m        Not found: Nothing - did you mean toString? or perhaps toString?[0m
[0m[[0m[31merror[0m] [0m[0m[31m   |[0m[0m
[0m[[0m[31merror[0m] [0m[0m[31m   |[0m longer explanation available when compiling with `-explain`[0m
[0m[[0m[31merror[0m] [0m[0mone error found[0m
[0m[[0m[31merror[0m] [0m[0m(Compile / [31mcompileIncremental[0m) Compilation failed[0m
[0m[[0m[31merror[0m] [0m[0mTotal time: 1 s, completed Mar. 30, 2024, 4:59:06 p.m.[0m
[0m[[0m[0mdebug[0m] [0m[0m> Exec(resumeFromFailure, None, Some(CommandSource(console0)))[0m
[0m[[0m[0mdebug[0m] [0m[0m> Exec(sbtPopOnFailure, None, Some(CommandSource(console0)))[0m
[0m[[0m[0mdebug[0m] [0m[0m> Exec(__postWatch console0, None, Some(CommandSource(console0)))[0m
[0m[[0m[0mdebug[0m] [0m[0m> Exec(resumeFromFailure, None, None)[0m
[0m[[0m[0mdebug[0m] [0m[0m> Exec(__waitWatch console0, None, None)[0m
