[0m[[0m[0mdebug[0m] [0m[0m> Exec(testOnly *Markdown_Suite, Some(8821eafd-3bef-4c27-8053-79c42328df5f), Some(CommandSource(console0)))[0m
[0m[[0m[0mdebug[0m] [0m[0mEvaluating tasks: Test / testOnly[0m
[0m[[0m[0mdebug[0m] [0m[0mRunning task... Cancel: Signal, check cycles: false, forcegc: true[0m
[0m[[0m[0minfo[0m] [0m[0m[32mMarkdown_Suite:[0m[0m
[0m[[0m[0minfo[0m] [0m[0m[32m- Paragraph[0m[0m
[0m[[0m[0minfo[0m] [0m[0m[32m- Header[0m[0m
[0m[[0m[0minfo[0m] [0m[0m[32m- BlockQuote[0m[0m
[0m[[0m[0minfo[0m] [0m[0m[32m- Ordered List[0m[0m
[0m[[0m[0minfo[0m] [0m[0m[32m- Unordered List[0m[0m
[0m[[0m[0minfo[0m] [0m[0m[32m- HorizontalRule[0m[0m
[0m[[0m[0minfo[0m] [0m[0m[32m- CodeBlock[0m[0m
[0m[[0m[0minfo[0m] [0m[0m[32m- Emphasis[0m[0m
[0m[[0m[0minfo[0m] [0m[0m[32m- Link[0m[0m
[0m[[0m[0minfo[0m] [0m[0m[32m- Image[0m[0m
[0m[[0m[0minfo[0m] [0m[0m[32m- InlineCode[0m[0m
[0m[[0m[0minfo[0m] [0m[0m[36mRun completed in 252 milliseconds.[0m[0m
[0m[[0m[0minfo[0m] [0m[0m[36mTotal number of tests run: 11[0m[0m
[0m[[0m[0minfo[0m] [0m[0m[36mSuites: completed 1, aborted 0[0m[0m
[0m[[0m[0minfo[0m] [0m[0m[36mTests: succeeded 11, failed 0, canceled 0, ignored 0, pending 0[0m[0m
[0m[[0m[0minfo[0m] [0m[0m[32mAll tests passed.[0m[0m
[0m[[0m[32msuccess[0m] [0m[0mTotal time: 0 s, completed Apr. 30, 2024, 8:28:19 p.m.[0m
[0m[[0m[0mdebug[0m] [0m[0m> Exec(shell, None, None)[0m
